<?xml version="1.0" encoding="UTF-8"?>
<!-- Generated by org.testng.reporters.JUnitXMLReporter -->
<testsuite hostname="DEEPAK-PC" ignored="0" name="Default test" tests="2" failures="0" timestamp="2020-07-30T16:14:12 IST" time="181.297" errors="0">
  <testcase name="login" time="73.853" classname="FunctionalTestExtendReport.VerifyDuplicateValues"/>
  <testcase name="duplicateMobileNumber" time="107.334" classname="FunctionalTestExtendReport.VerifyDuplicateValues"/>
</testsuite> <!-- Default test -->
