<?xml version="1.0" encoding="UTF-8"?>
<testng-results skipped="0" failed="0" ignored="0" total="2" passed="2">
  <reporter-output>
  </reporter-output>
  <suite name="Default suite" duration-ms="181297" started-at="2020-07-30T16:11:11 IST" finished-at="2020-07-30T16:14:12 IST">
    <groups>
    </groups>
    <test name="Default test" duration-ms="181297" started-at="2020-07-30T16:11:11 IST" finished-at="2020-07-30T16:14:12 IST">
      <class name="FunctionalTestExtendReport.VerifyDuplicateValues">
        <test-method status="PASS" signature="login()[pri:0, instance:FunctionalTestExtendReport.VerifyDuplicateValues@581ac8a8]" name="login" duration-ms="73853" started-at="2020-07-30T16:11:11 IST" finished-at="2020-07-30T16:12:24 IST">
          <reporter-output>
          </reporter-output>
        </test-method> <!-- login -->
        <test-method status="PASS" signature="duplicateMobileNumber()[pri:1, instance:FunctionalTestExtendReport.VerifyDuplicateValues@581ac8a8]" name="duplicateMobileNumber" duration-ms="107334" started-at="2020-07-30T16:12:24 IST" finished-at="2020-07-30T16:14:12 IST">
          <reporter-output>
          </reporter-output>
        </test-method> <!-- duplicateMobileNumber -->
      </class> <!-- FunctionalTestExtendReport.VerifyDuplicateValues -->
    </test> <!-- Default test -->
  </suite> <!-- Default suite -->
</testng-results>
